<?xml version="1.0" encoding="UTF-8"?>
<!-- Generated by org.testng.reporters.JUnitReportReporter -->
<testsuite hostname="DESKTOP-FIMAR15" failures="0" tests="5" name="testNG_Prac.Example_Handlingframes" time="26.184" errors="0" timestamp="2024-07-23T17:31:36 PDT" skipped="1">
  <testcase classname="testNG_Prac.Example_Handlingframes" name="VerifiyDraggable" time="5.721"/>
  <system-out/>
  <testcase classname="testNG_Prac.Example_Handlingframes" name="Verifydroppable" time="8.203"/>
  <system-out/>
  <testcase classname="testNG_Prac.Example_Handlingframes" name="Verifyresizable" time="5.794"/>
  <system-out/>
  <testcase classname="testNG_Prac.Example_Handlingframes" name="VerifySelectable" time="6.466"/>
  <system-out/>
  <testcase classname="testNG_Prac.Example_Handlingframes" name="VerifySortable">
    <skipped/>
  </testcase> <!-- VerifySortable -->
  <system-out/>
</testsuite> <!-- testNG_Prac.Example_Handlingframes -->
