<?xml version="1.0" encoding="UTF-8"?>
<!-- Generated by org.testng.reporters.JUnitReportReporter -->
<testsuite hostname="DESKTOP-FIMAR15" failures="0" tests="2" name="testNG_Prac.NewTest" time="0.019" errors="0" timestamp="2024-06-13T17:52:23 PDT" skipped="0">
  <testcase classname="testNG_Prac.NewTest" name="test2" time="0.011"/>
  <system-out/>
  <testcase classname="testNG_Prac.NewTest" name="test1" time="0.008"/>
  <system-out/>
</testsuite> <!-- testNG_Prac.NewTest -->
