<?xml version="1.0" encoding="UTF-8"?>
<!-- Generated by org.testng.reporters.JUnitReportReporter -->
<testsuite hostname="DESKTOP-FIMAR15" failures="0" tests="9" name="testNG_Prac.EXample_dataProvider" time="0.042" errors="0" timestamp="2024-07-25T16:35:29 IST" skipped="0">
  <testcase classname="testNG_Prac.EXample_dataProvider" name="VerifyLogin" time="0.002"/>
  <system-out/>
  <testcase classname="testNG_Prac.EXample_dataProvider" name="VerifyLogin" time="0.022"/>
  <system-out/>
  <testcase classname="testNG_Prac.EXample_dataProvider" name="VerifyRegisterAccount" time="0.002"/>
  <system-out/>
  <testcase classname="testNG_Prac.EXample_dataProvider" name="VerifyLogin" time="0.003"/>
  <system-out/>
  <testcase classname="testNG_Prac.EXample_dataProvider" name="VerifyLogin" time="0.003"/>
  <system-out/>
  <testcase classname="testNG_Prac.EXample_dataProvider" name="VerifyRegisterAccount" time="0.002"/>
  <system-out/>
  <testcase classname="testNG_Prac.EXample_dataProvider" name="VerifyRegisterAccount" time="0.004"/>
  <system-out/>
  <testcase classname="testNG_Prac.EXample_dataProvider" name="VerifyRegisterAccount" time="0.002"/>
  <system-out/>
  <testcase classname="testNG_Prac.EXample_dataProvider" name="VerifyRegisterAccount" time="0.002"/>
  <system-out/>
</testsuite> <!-- testNG_Prac.EXample_dataProvider -->
