<?xml version="1.0" encoding="UTF-8"?>
<!-- Generated by org.testng.reporters.JUnitReportReporter -->
<testsuite hostname="DESKTOP-FIMAR15" failures="0" tests="9" name="testNG_Prac.EXample_dataProvider" time="0.164" errors="0" timestamp="2024-06-13T10:33:41 PDT" skipped="0">
  <testcase classname="testNG_Prac.EXample_dataProvider" name="VerifyLogin" time="0.007"/>
  <system-out/>
  <testcase classname="testNG_Prac.EXample_dataProvider" name="VerifyLogin" time="0.033"/>
  <system-out/>
  <testcase classname="testNG_Prac.EXample_dataProvider" name="VerifyRegisterAccount" time="0.011"/>
  <system-out/>
  <testcase classname="testNG_Prac.EXample_dataProvider" name="VerifyLogin" time="0.032"/>
  <system-out/>
  <testcase classname="testNG_Prac.EXample_dataProvider" name="VerifyLogin" time="0.005"/>
  <system-out/>
  <testcase classname="testNG_Prac.EXample_dataProvider" name="VerifyRegisterAccount" time="0.021"/>
  <system-out/>
  <testcase classname="testNG_Prac.EXample_dataProvider" name="VerifyRegisterAccount" time="0.019"/>
  <system-out/>
  <testcase classname="testNG_Prac.EXample_dataProvider" name="VerifyRegisterAccount" time="0.024"/>
  <system-out/>
  <testcase classname="testNG_Prac.EXample_dataProvider" name="VerifyRegisterAccount" time="0.012"/>
  <system-out/>
</testsuite> <!-- testNG_Prac.EXample_dataProvider -->
