<?xml version="1.0" encoding="UTF-8"?>
<!-- Generated by org.testng.reporters.JUnitReportReporter -->
<testsuite hostname="DESKTOP-FIMAR15" failures="0" tests="7" name="testNG_Prac.Automation_task1" time="32.720" errors="0" timestamp="2024-08-29T12:19:42 IST" skipped="0">
  <testcase classname="testNG_Prac.Automation_task1" name="VerifyLogin" time="3.605"/>
  <system-out/>
  <testcase classname="testNG_Prac.Automation_task1" name="VerifyLogin" time="3.674"/>
  <system-out/>
  <testcase classname="testNG_Prac.Automation_task1" name="VerifyLogin" time="8.695"/>
  <system-out/>
  <testcase classname="testNG_Prac.Automation_task1" name="VerifyLogin" time="3.669"/>
  <system-out/>
  <testcase classname="testNG_Prac.Automation_task1" name="VerifyLogin" time="5.466"/>
  <system-out/>
  <testcase classname="testNG_Prac.Automation_task1" name="VerifyLogin" time="3.786"/>
  <system-out/>
  <testcase classname="testNG_Prac.Automation_task1" name="VerifyLogin" time="3.825"/>
  <system-out/>
</testsuite> <!-- testNG_Prac.Automation_task1 -->
