<?xml version="1.0" encoding="UTF-8"?>
<!-- Generated by org.testng.reporters.JUnitReportReporter -->
<testsuite hostname="DESKTOP-FIMAR15" failures="0" tests="1" name="testNG_Prac.SecondClass" time="0.013" errors="0" timestamp="2024-07-23T17:23:34 PDT" skipped="0">
  <testcase classname="testNG_Prac.SecondClass" name="test3" time="0.013"/>
  <system-out/>
</testsuite> <!-- testNG_Prac.SecondClass -->
