<?xml version="1.0" encoding="UTF-8"?>
<!-- Generated by org.testng.reporters.JUnitReportReporter -->
<testsuite hostname="DESKTOP-FIMAR15" failures="0" tests="1" name="testNG_Prac.Handling_Dynami_Properites" time="1.087" errors="0" timestamp="2024-07-15T17:43:18 PDT" skipped="0">
  <testcase classname="testNG_Prac.Handling_Dynami_Properites" name="Verifydyanamic" time="1.087"/>
  <system-out/>
</testsuite> <!-- testNG_Prac.Handling_Dynami_Properites -->
