<?xml version="1.0" encoding="UTF-8"?>
<!-- Generated by org.testng.reporters.JUnitReportReporter -->
<testsuite hostname="DESKTOP-FIMAR15" failures="0" tests="3" name="testNG_Prac.Example_FindElements" time="0.000" errors="0" timestamp="2024-07-23T23:20:20 PDT" skipped="3">
  <testcase classname="testNG_Prac.Example_FindElements" name="VerifyTotalLinksONPage" time="0.000">
    <skipped/>
  </testcase> <!-- VerifyTotalLinksONPage -->
  <system-out/>
  <testcase classname="testNG_Prac.Example_FindElements" name="VerifyFotterLinks" time="0.000">
    <skipped/>
  </testcase> <!-- VerifyFotterLinks -->
  <system-out/>
  <testcase classname="testNG_Prac.Example_FindElements" name="Verifyfootercolumnlinks" time="0.000">
    <skipped/>
  </testcase> <!-- Verifyfootercolumnlinks -->
  <system-out/>
</testsuite> <!-- testNG_Prac.Example_FindElements -->
