<?xml version="1.0" encoding="UTF-8"?>
<!-- Generated by org.testng.reporters.JUnitReportReporter -->
<testsuite hostname="DESKTOP-FIMAR15" failures="0" tests="3" name="testNG_Prac.Example_FindElements" time="21.065" errors="0" timestamp="2024-07-16T10:57:33 PDT" skipped="0">
  <testcase classname="testNG_Prac.Example_FindElements" name="VerifyTotalLinksONPage" time="0.827"/>
  <system-out/>
  <testcase classname="testNG_Prac.Example_FindElements" name="VerifyFotterLinks" time="7.459"/>
  <system-out/>
  <testcase classname="testNG_Prac.Example_FindElements" name="Verifyfootercolumnlinks" time="12.779"/>
  <system-out/>
</testsuite> <!-- testNG_Prac.Example_FindElements -->
