<?xml version="1.0" encoding="UTF-8"?>
<!-- Generated by org.testng.reporters.JUnitReportReporter -->
<testsuite hostname="DESKTOP-FIMAR15" failures="0" tests="1" name="testNG_Prac.SecondClass" time="0.010" errors="0" timestamp="2024-06-13T17:52:07 PDT" skipped="0">
  <testcase classname="testNG_Prac.SecondClass" name="test3" time="0.010"/>
  <system-out/>
</testsuite> <!-- testNG_Prac.SecondClass -->
